# JRE version: OpenJDK Runtime Environment (17.0.9) (build 17.0.9+0--11185874)
# Java VM: OpenJDK 64-Bit Server VM (17.0.9+0--11185874, mixed mode, tiered, compressed oops, compressed class ptrs, g1 gc, windows-amd64)
GC Precious Log:
 CPUs: 8 total, 8 available
 Memory: 16230M
 Large Page Support: Disabled
 NUMA Support: Disabled
 Compressed Oops: Enabled (32-bit)
 Heap Region Size: 1M
 Heap Min Capacity: 8M
 Heap Initial Capacity: 254M
 Heap Max Capacity: 2G
 Pre-touch: Disabled
 Parallel Workers: 8
 Concurrent Workers: 2
 Concurrent Refinement Workers: 8
 Periodic GC: Disabled
Heap:
 garbage-first heap   total 91136K, used 60641K [0x0000000080000000, 0x0000000100000000)
  region size 1024K, 31 young (31744K), 4 survivors (4096K)
 Metaspace       used 54244K, committed 54848K, reserved 1114112K
  class space    used 7459K, committed 7744K, reserved 1048576K
GC Heap History (20 events):
Event: 1.431 GC heap before
{Heap before GC invocations=1 (full 0):
 garbage-first heap   total 260096K, used 38873K [0x0000000080000000, 0x0000000100000000)
  region size 1024K, 30 young (30720K), 3 survivors (3072K)
 Metaspace       used 11485K, committed 11648K, reserved 1114112K
  class space    used 1200K, committed 1280K, reserved 1048576K
}
Event: 1.434 GC heap after
{Heap after GC invocations=2 (full 0):
 garbage-first heap   total 260096K, used 11817K [0x0000000080000000, 0x0000000100000000)
  region size 1024K, 1 young (1024K), 1 survivors (1024K)
 Metaspace       used 11485K, committed 11648K, reserved 1114112K
  class space    used 1200K, committed 1280K, reserved 1048576K
}
Event: 2.619 GC heap before
{Heap before GC invocations=2 (full 0):
 garbage-first heap   total 260096K, used 58921K [0x0000000080000000, 0x0000000100000000)
  region size 1024K, 47 young (48128K), 1 survivors (1024K)
 Metaspace       used 21326K, committed 21504K, reserved 1114112K
  class space    used 2521K, committed 2624K, reserved 1048576K
}
Event: 2.626 GC heap after
{Heap after GC invocations=3 (full 0):
 garbage-first heap   total 260096K, used 19644K [0x0000000080000000, 0x0000000100000000)
  region size 1024K, 9 young (9216K), 9 survivors (9216K)
 Metaspace       used 21326K, committed 21504K, reserved 1114112K
  class space    used 2521K, committed 2624K, reserved 1048576K
}
Event: 3.216 GC heap before
{Heap before GC invocations=4 (full 0):
 garbage-first heap   total 71680K, used 52412K [0x0000000080000000, 0x0000000100000000)
  region size 1024K, 42 young (43008K), 9 survivors (9216K)
 Metaspace       used 26643K, committed 26880K, reserved 1114112K
  class space    used 3431K, committed 3520K, reserved 1048576K
}
Event: 3.221 GC heap after
{Heap after GC invocations=5 (full 0):
 garbage-first heap   total 71680K, used 21330K [0x0000000080000000, 0x0000000100000000)
  region size 1024K, 3 young (3072K), 3 survivors (3072K)
 Metaspace       used 26643K, committed 26880K, reserved 1114112K
  class space    used 3431K, committed 3520K, reserved 1048576K
}
Event: 3.697 GC heap before
{Heap before GC invocations=5 (full 0):
 garbage-first heap   total 71680K, used 50002K [0x0000000080000000, 0x0000000100000000)
  region size 1024K, 31 young (31744K), 3 survivors (3072K)
 Metaspace       used 30597K, committed 30848K, reserved 1114112K
  class space    used 4071K, committed 4160K, reserved 1048576K
}
Event: 3.702 GC heap after
{Heap after GC invocations=6 (full 0):
 garbage-first heap   total 71680K, used 22773K [0x0000000080000000, 0x0000000100000000)
  region size 1024K, 4 young (4096K), 4 survivors (4096K)
 Metaspace       used 30597K, committed 30848K, reserved 1114112K
  class space    used 4071K, committed 4160K, reserved 1048576K
}
Event: 4.164 GC heap before
{Heap before GC invocations=6 (full 0):
 garbage-first heap   total 71680K, used 52469K [0x0000000080000000, 0x0000000100000000)
  region size 1024K, 33 young (33792K), 4 survivors (4096K)
 Metaspace       used 34192K, committed 34496K, reserved 1114112K
  class space    used 4663K, committed 4800K, reserved 1048576K
}
Event: 4.169 GC heap after
{Heap after GC invocations=7 (full 0):
 garbage-first heap   total 71680K, used 23928K [0x0000000080000000, 0x0000000100000000)
  region size 1024K, 3 young (3072K), 3 survivors (3072K)
 Metaspace       used 34192K, committed 34496K, reserved 1114112K
  class space    used 4663K, committed 4800K, reserved 1048576K
}
Event: 4.298 GC heap before
{Heap before GC invocations=7 (full 0):
 garbage-first heap   total 71680K, used 31096K [0x0000000080000000, 0x0000000100000000)
  region size 1024K, 12 young (12288K), 3 survivors (3072K)
 Metaspace       used 35743K, committed 36096K, reserved 1114112K
  class space    used 4872K, committed 5056K, reserved 1048576K
}
Event: 4.302 GC heap after
{Heap after GC invocations=8 (full 0):
 garbage-first heap   total 71680K, used 24435K [0x0000000080000000, 0x0000000100000000)
  region size 1024K, 2 young (2048K), 2 survivors (2048K)
 Metaspace       used 35743K, committed 36096K, reserved 1114112K
  class space    used 4872K, committed 5056K, reserved 1048576K
}
Event: 4.735 GC heap before
{Heap before GC invocations=9 (full 0):
 garbage-first heap   total 71680K, used 54131K [0x0000000080000000, 0x0000000100000000)
  region size 1024K, 32 young (32768K), 2 survivors (2048K)
 Metaspace       used 40996K, committed 41280K, reserved 1114112K
  class space    used 5429K, committed 5568K, reserved 1048576K
}
Event: 4.740 GC heap after
{Heap after GC invocations=10 (full 0):
 garbage-first heap   total 71680K, used 28283K [0x0000000080000000, 0x0000000100000000)
  region size 1024K, 4 young (4096K), 4 survivors (4096K)
 Metaspace       used 40996K, committed 41280K, reserved 1114112K
  class space    used 5429K, committed 5568K, reserved 1048576K
}
Event: 4.954 GC heap before
{Heap before GC invocations=10 (full 0):
 garbage-first heap   total 71680K, used 53883K [0x0000000080000000, 0x0000000100000000)
  region size 1024K, 30 young (30720K), 4 survivors (4096K)
 Metaspace       used 42193K, committed 42560K, reserved 1114112K
  class space    used 5605K, committed 5760K, reserved 1048576K
}
Event: 4.960 GC heap after
{Heap after GC invocations=11 (full 0):
 garbage-first heap   total 71680K, used 30316K [0x0000000080000000, 0x0000000100000000)
  region size 1024K, 2 young (2048K), 2 survivors (2048K)
 Metaspace       used 42193K, committed 42560K, reserved 1114112K
  class space    used 5605K, committed 5760K, reserved 1048576K
}
Event: 5.382 GC heap before
{Heap before GC invocations=11 (full 0):
 garbage-first heap   total 71680K, used 56940K [0x0000000080000000, 0x0000000100000000)
  region size 1024K, 27 young (27648K), 2 survivors (2048K)
 Metaspace       used 45917K, committed 46336K, reserved 1114112K
  class space    used 6147K, committed 6336K, reserved 1048576K
}
Event: 5.387 GC heap after
{Heap after GC invocations=12 (full 0):
 garbage-first heap   total 91136K, used 32084K [0x0000000080000000, 0x0000000100000000)
  region size 1024K, 4 young (4096K), 4 survivors (4096K)
 Metaspace       used 45917K, committed 46336K, reserved 1114112K
  class space    used 6147K, committed 6336K, reserved 1048576K
}
Event: 6.037 GC heap before
{Heap before GC invocations=12 (full 0):
 garbage-first heap   total 91136K, used 70996K [0x0000000080000000, 0x0000000100000000)
  region size 1024K, 42 young (43008K), 4 survivors (4096K)
 Metaspace       used 50950K, committed 51392K, reserved 1114112K
  class space    used 6932K, committed 7104K, reserved 1048576K
}
Event: 6.043 GC heap after
{Heap after GC invocations=13 (full 0):
 garbage-first heap   total 91136K, used 34017K [0x0000000080000000, 0x0000000100000000)
  region size 1024K, 4 young (4096K), 4 survivors (4096K)
 Metaspace       used 50950K, committed 51392K, reserved 1114112K
  class space    used 6932K, committed 7104K, reserved 1048576K
}

